<?xml version="1.0" encoding="UTF-8"?>
<!-- Generated by org.testng.reporters.JUnitReportReporter -->
<testsuite skipped="0" hostname="DESKTOP-RV54SM4" name="com.restAssured.API.BasicAuthRestAssured" tests="1" failures="0" timestamp="24 Mar 2020 17:48:50 GMT" time="5.761" errors="0">
  <testcase name="basicAuthRestAssuredTest" time="5.761" classname="com.restAssured.API.BasicAuthRestAssured"/>
</testsuite> <!-- com.restAssured.API.BasicAuthRestAssured -->
