<?xml version="1.0" encoding="UTF-8"?>
<!-- Generated by org.testng.reporters.JUnitReportReporter -->
<testsuite skipped="3" hostname="DESKTOP-RV54SM4" name="com.restAssured.API.PostRequestRestAssured" tests="4" failures="0" timestamp="31 Mar 2020 11:06:33 GMT" time="11.225" errors="0">
  <testcase name="postRequestTestUsingJavaClassObject" time="11.225" classname="com.restAssured.API.PostRequestRestAssured"/>
  <testcase name="postRestAssuredTestUsingJsonFile" classname="com.restAssured.API.PostRequestRestAssured">
    <skipped/>
  </testcase> <!-- postRestAssuredTestUsingJsonFile -->
  <testcase name="postRestAssuredTest1" classname="com.restAssured.API.PostRequestRestAssured">
    <skipped/>
  </testcase> <!-- postRestAssuredTest1 -->
  <testcase name="postRestAssuredTestUsingJsonObject" classname="com.restAssured.API.PostRequestRestAssured">
    <skipped/>
  </testcase> <!-- postRestAssuredTestUsingJsonObject -->
</testsuite> <!-- com.restAssured.API.PostRequestRestAssured -->
