<?xml version="1.0" encoding="UTF-8"?>
<!-- Generated by org.testng.reporters.JUnitReportReporter -->
<testsuite skipped="0" hostname="DESKTOP-RV54SM4" name="practice.GetReqSample" tests="1" failures="0" timestamp="31 Mar 2020 12:56:48 GMT" time="10.053" errors="0">
  <testcase name="GetSample" time="10.053" classname="practice.GetReqSample"/>
</testsuite> <!-- practice.GetReqSample -->
