<?xml version="1.0" encoding="UTF-8"?>
<!-- Generated by org.testng.reporters.JUnitReportReporter -->
<testsuite skipped="0" hostname="DESKTOP-RV54SM4" name="com.restAssured.API.SoapUIPostRequestRest" tests="1" failures="0" timestamp="24 Mar 2020 10:44:37 GMT" time="4.522" errors="0">
  <testcase name="getSoapUIPostTest" time="4.522" classname="com.restAssured.API.SoapUIPostRequestRest"/>
</testsuite> <!-- com.restAssured.API.SoapUIPostRequestRest -->
